# JRE version: OpenJDK Runtime Environment Temurin-17.0.6+10 (17.0.6+10) (build 17.0.6+10)
# Java VM: OpenJDK 64-Bit Server VM Temurin-17.0.6+10 (17.0.6+10, mixed mode, tiered, compressed oops, compressed class ptrs, g1 gc, windows-amd64)
GC Precious Log:
 CPUs: 8 total, 8 available
 Memory: 8081M
 Large Page Support: Disabled
 NUMA Support: Disabled
 Compressed Oops: Enabled (32-bit)
 Heap Region Size: 1M
 Heap Min Capacity: 8M
 Heap Initial Capacity: 128M
 Heap Max Capacity: 2022M
 Pre-touch: Disabled
 Parallel Workers: 8
 Concurrent Workers: 2
 Concurrent Refinement Workers: 8
 Periodic GC: Disabled
Heap:
 garbage-first heap   total 40960K, used 27053K [0x0000000081a00000, 0x0000000100000000)
  region size 1024K, 13 young (13312K), 1 survivors (1024K)
 Metaspace       used 38503K, committed 38848K, reserved 1089536K
  class space    used 4436K, committed 4608K, reserved 1048576K
GC Heap History (16 events):
Event: 0.830 GC heap before
{Heap before GC invocations=0 (full 0):
 garbage-first heap   total 131072K, used 22528K [0x0000000081a00000, 0x0000000100000000)
  region size 1024K, 23 young (23552K), 0 survivors (0K)
 Metaspace       used 14252K, committed 14400K, reserved 1064960K
  class space    used 1397K, committed 1472K, reserved 1048576K
}
Event: 0.835 GC heap after
{Heap after GC invocations=1 (full 0):
 garbage-first heap   total 131072K, used 7731K [0x0000000081a00000, 0x0000000100000000)
  region size 1024K, 3 young (3072K), 3 survivors (3072K)
 Metaspace       used 14252K, committed 14400K, reserved 1064960K
  class space    used 1397K, committed 1472K, reserved 1048576K
}
Event: 1.361 GC heap before
{Heap before GC invocations=1 (full 0):
 garbage-first heap   total 131072K, used 34355K [0x0000000081a00000, 0x0000000100000000)
  region size 1024K, 30 young (30720K), 3 survivors (3072K)
 Metaspace       used 21330K, committed 21504K, reserved 1073152K
  class space    used 2247K, committed 2368K, reserved 1048576K
}
Event: 1.366 GC heap after
{Heap after GC invocations=2 (full 0):
 garbage-first heap   total 131072K, used 9836K [0x0000000081a00000, 0x0000000100000000)
  region size 1024K, 3 young (3072K), 3 survivors (3072K)
 Metaspace       used 21330K, committed 21504K, reserved 1073152K
  class space    used 2247K, committed 2368K, reserved 1048576K
}
Event: 1.861 GC heap before
{Heap before GC invocations=3 (full 0):
 garbage-first heap   total 40960K, used 28268K [0x0000000081a00000, 0x0000000100000000)
  region size 1024K, 22 young (22528K), 3 survivors (3072K)
 Metaspace       used 27541K, committed 27840K, reserved 1081344K
  class space    used 2996K, committed 3136K, reserved 1048576K
}
Event: 1.865 GC heap after
{Heap after GC invocations=4 (full 0):
 garbage-first heap   total 40960K, used 11333K [0x0000000081a00000, 0x0000000100000000)
  region size 1024K, 2 young (2048K), 2 survivors (2048K)
 Metaspace       used 27541K, committed 27840K, reserved 1081344K
  class space    used 2996K, committed 3136K, reserved 1048576K
}
Event: 1.889 GC heap before
{Heap before GC invocations=4 (full 0):
 garbage-first heap   total 40960K, used 26693K [0x0000000081a00000, 0x0000000100000000)
  region size 1024K, 17 young (17408K), 2 survivors (2048K)
 Metaspace       used 27554K, committed 27840K, reserved 1081344K
  class space    used 2996K, committed 3136K, reserved 1048576K
}
Event: 1.891 GC heap after
{Heap after GC invocations=5 (full 0):
 garbage-first heap   total 40960K, used 11770K [0x0000000081a00000, 0x0000000100000000)
  region size 1024K, 2 young (2048K), 2 survivors (2048K)
 Metaspace       used 27554K, committed 27840K, reserved 1081344K
  class space    used 2996K, committed 3136K, reserved 1048576K
}
Event: 1.911 GC heap before
{Heap before GC invocations=5 (full 0):
 garbage-first heap   total 40960K, used 28154K [0x0000000081a00000, 0x0000000100000000)
  region size 1024K, 18 young (18432K), 2 survivors (2048K)
 Metaspace       used 27554K, committed 27840K, reserved 1081344K
  class space    used 2996K, committed 3136K, reserved 1048576K
}
Event: 1.914 GC heap after
{Heap after GC invocations=6 (full 0):
 garbage-first heap   total 40960K, used 12389K [0x0000000081a00000, 0x0000000100000000)
  region size 1024K, 2 young (2048K), 2 survivors (2048K)
 Metaspace       used 27554K, committed 27840K, reserved 1081344K
  class space    used 2996K, committed 3136K, reserved 1048576K
}
Event: 2.149 GC heap before
{Heap before GC invocations=6 (full 0):
 garbage-first heap   total 40960K, used 28773K [0x0000000081a00000, 0x0000000100000000)
  region size 1024K, 18 young (18432K), 2 survivors (2048K)
 Metaspace       used 29433K, committed 29696K, reserved 1081344K
  class space    used 3243K, committed 3392K, reserved 1048576K
}
Event: 2.151 GC heap after
{Heap after GC invocations=7 (full 0):
 garbage-first heap   total 40960K, used 13059K [0x0000000081a00000, 0x0000000100000000)
  region size 1024K, 2 young (2048K), 2 survivors (2048K)
 Metaspace       used 29433K, committed 29696K, reserved 1081344K
  class space    used 3243K, committed 3392K, reserved 1048576K
}
Event: 3.009 GC heap before
{Heap before GC invocations=7 (full 0):
 garbage-first heap   total 40960K, used 28419K [0x0000000081a00000, 0x0000000100000000)
  region size 1024K, 18 young (18432K), 2 survivors (2048K)
 Metaspace       used 33914K, committed 34176K, reserved 1081344K
  class space    used 3816K, committed 3968K, reserved 1048576K
}
Event: 3.014 GC heap after
{Heap after GC invocations=8 (full 0):
 garbage-first heap   total 40960K, used 15104K [0x0000000081a00000, 0x0000000100000000)
  region size 1024K, 3 young (3072K), 3 survivors (3072K)
 Metaspace       used 33914K, committed 34176K, reserved 1081344K
  class space    used 3816K, committed 3968K, reserved 1048576K
}
Event: 3.110 GC heap before
{Heap before GC invocations=8 (full 0):
 garbage-first heap   total 40960K, used 18176K [0x0000000081a00000, 0x0000000100000000)
  region size 1024K, 7 young (7168K), 3 survivors (3072K)
 Metaspace       used 35637K, committed 35968K, reserved 1081344K
  class space    used 4023K, committed 4224K, reserved 1048576K
}
Event: 3.114 GC heap after
{Heap after GC invocations=9 (full 0):
 garbage-first heap   total 40960K, used 15789K [0x0000000081a00000, 0x0000000100000000)
  region size 1024K, 1 young (1024K), 1 survivors (1024K)
 Metaspace       used 35637K, committed 35968K, reserved 1081344K
  class space    used 4023K, committed 4224K, reserved 1048576K
}

