# JRE version: OpenJDK Runtime Environment Temurin-17.0.6+10 (17.0.6+10) (build 17.0.6+10)
# Java VM: OpenJDK 64-Bit Server VM Temurin-17.0.6+10 (17.0.6+10, mixed mode, tiered, compressed oops, compressed class ptrs, g1 gc, windows-amd64)
GC Precious Log:
 CPUs: 8 total, 8 available
 Memory: 8081M
 Large Page Support: Disabled
 NUMA Support: Disabled
 Compressed Oops: Enabled (32-bit)
 Heap Region Size: 1M
 Heap Min Capacity: 8M
 Heap Initial Capacity: 128M
 Heap Max Capacity: 2022M
 Pre-touch: Disabled
 Parallel Workers: 8
 Concurrent Workers: 2
 Concurrent Refinement Workers: 8
 Periodic GC: Disabled
Heap:
 garbage-first heap   total 58368K, used 24700K [0x0000000081a00000, 0x0000000100000000)
  region size 1024K, 11 young (11264K), 1 survivors (1024K)
 Metaspace       used 42187K, committed 42496K, reserved 1089536K
  class space    used 4932K, committed 5056K, reserved 1048576K
GC Heap History (20 events):
Event: 0.867 GC heap before
{Heap before GC invocations=0 (full 0):
 garbage-first heap   total 131072K, used 22528K [0x0000000081a00000, 0x0000000100000000)
  region size 1024K, 23 young (23552K), 0 survivors (0K)
 Metaspace       used 14212K, committed 14400K, reserved 1064960K
  class space    used 1400K, committed 1472K, reserved 1048576K
}
Event: 0.873 GC heap after
{Heap after GC invocations=1 (full 0):
 garbage-first heap   total 131072K, used 7168K [0x0000000081a00000, 0x0000000100000000)
  region size 1024K, 3 young (3072K), 3 survivors (3072K)
 Metaspace       used 14212K, committed 14400K, reserved 1064960K
  class space    used 1400K, committed 1472K, reserved 1048576K
}
Event: 1.429 GC heap before
{Heap before GC invocations=1 (full 0):
 garbage-first heap   total 131072K, used 32768K [0x0000000081a00000, 0x0000000100000000)
  region size 1024K, 29 young (29696K), 3 survivors (3072K)
 Metaspace       used 21296K, committed 21504K, reserved 1073152K
  class space    used 2252K, committed 2368K, reserved 1048576K
}
Event: 1.434 GC heap after
{Heap after GC invocations=2 (full 0):
 garbage-first heap   total 131072K, used 9305K [0x0000000081a00000, 0x0000000100000000)
  region size 1024K, 3 young (3072K), 3 survivors (3072K)
 Metaspace       used 21296K, committed 21504K, reserved 1073152K
  class space    used 2252K, committed 2368K, reserved 1048576K
}
Event: 1.881 GC heap before
{Heap before GC invocations=3 (full 0):
 garbage-first heap   total 37888K, used 26713K [0x0000000081a00000, 0x0000000100000000)
  region size 1024K, 21 young (21504K), 3 survivors (3072K)
 Metaspace       used 27274K, committed 27520K, reserved 1081344K
  class space    used 2961K, committed 3072K, reserved 1048576K
}
Event: 1.886 GC heap after
{Heap after GC invocations=4 (full 0):
 garbage-first heap   total 37888K, used 10829K [0x0000000081a00000, 0x0000000100000000)
  region size 1024K, 2 young (2048K), 2 survivors (2048K)
 Metaspace       used 27274K, committed 27520K, reserved 1081344K
  class space    used 2961K, committed 3072K, reserved 1048576K
}
Event: 1.904 GC heap before
{Heap before GC invocations=4 (full 0):
 garbage-first heap   total 37888K, used 11853K [0x0000000081a00000, 0x0000000100000000)
  region size 1024K, 3 young (3072K), 2 survivors (2048K)
 Metaspace       used 27480K, committed 27776K, reserved 1081344K
  class space    used 2988K, committed 3136K, reserved 1048576K
}
Event: 1.907 GC heap after
{Heap after GC invocations=5 (full 0):
 garbage-first heap   total 37888K, used 10864K [0x0000000081a00000, 0x0000000100000000)
  region size 1024K, 1 young (1024K), 1 survivors (1024K)
 Metaspace       used 27480K, committed 27776K, reserved 1081344K
  class space    used 2988K, committed 3136K, reserved 1048576K
}
Event: 1.926 GC heap before
{Heap before GC invocations=5 (full 0):
 garbage-first heap   total 37888K, used 25200K [0x0000000081a00000, 0x0000000100000000)
  region size 1024K, 15 young (15360K), 1 survivors (1024K)
 Metaspace       used 27518K, committed 27776K, reserved 1081344K
  class space    used 2992K, committed 3136K, reserved 1048576K
}
Event: 1.927 GC heap after
{Heap after GC invocations=6 (full 0):
 garbage-first heap   total 37888K, used 11044K [0x0000000081a00000, 0x0000000100000000)
  region size 1024K, 1 young (1024K), 1 survivors (1024K)
 Metaspace       used 27518K, committed 27776K, reserved 1081344K
  class space    used 2992K, committed 3136K, reserved 1048576K
}
Event: 1.947 GC heap before
{Heap before GC invocations=6 (full 0):
 garbage-first heap   total 37888K, used 26404K [0x0000000081a00000, 0x0000000100000000)
  region size 1024K, 16 young (16384K), 1 survivors (1024K)
 Metaspace       used 27518K, committed 27776K, reserved 1081344K
  class space    used 2992K, committed 3136K, reserved 1048576K
}
Event: 1.948 GC heap after
{Heap after GC invocations=7 (full 0):
 garbage-first heap   total 60416K, used 11480K [0x0000000081a00000, 0x0000000100000000)
  region size 1024K, 1 young (1024K), 1 survivors (1024K)
 Metaspace       used 27518K, committed 27776K, reserved 1081344K
  class space    used 2992K, committed 3136K, reserved 1048576K
}
Event: 2.949 GC heap before
{Heap before GC invocations=7 (full 0):
 garbage-first heap   total 60416K, used 43224K [0x0000000081a00000, 0x0000000100000000)
  region size 1024K, 32 young (32768K), 1 survivors (1024K)
 Metaspace       used 33735K, committed 34048K, reserved 1081344K
  class space    used 3799K, committed 3968K, reserved 1048576K
}
Event: 2.953 GC heap after
{Heap after GC invocations=8 (full 0):
 garbage-first heap   total 60416K, used 13804K [0x0000000081a00000, 0x0000000100000000)
  region size 1024K, 4 young (4096K), 4 survivors (4096K)
 Metaspace       used 33735K, committed 34048K, reserved 1081344K
  class space    used 3799K, committed 3968K, reserved 1048576K
}
Event: 3.117 GC heap before
{Heap before GC invocations=8 (full 0):
 garbage-first heap   total 60416K, used 20972K [0x0000000081a00000, 0x0000000100000000)
  region size 1024K, 12 young (12288K), 4 survivors (4096K)
 Metaspace       used 35683K, committed 35968K, reserved 1081344K
  class space    used 4030K, committed 4160K, reserved 1048576K
}
Event: 3.122 GC heap after
{Heap after GC invocations=9 (full 0):
 garbage-first heap   total 60416K, used 15082K [0x0000000081a00000, 0x0000000100000000)
  region size 1024K, 2 young (2048K), 2 survivors (2048K)
 Metaspace       used 35683K, committed 35968K, reserved 1081344K
  class space    used 4030K, committed 4160K, reserved 1048576K
}
Event: 25.796 GC heap before
{Heap before GC invocations=10 (full 0):
 garbage-first heap   total 58368K, used 40682K [0x0000000081a00000, 0x0000000100000000)
  region size 1024K, 28 young (28672K), 2 survivors (2048K)
 Metaspace       used 40778K, committed 41088K, reserved 1089536K
  class space    used 4699K, committed 4864K, reserved 1048576K
}
Event: 25.800 GC heap after
{Heap after GC invocations=11 (full 0):
 garbage-first heap   total 58368K, used 16244K [0x0000000081a00000, 0x0000000100000000)
  region size 1024K, 3 young (3072K), 3 survivors (3072K)
 Metaspace       used 40778K, committed 41088K, reserved 1089536K
  class space    used 4699K, committed 4864K, reserved 1048576K
}
Event: 25.820 GC heap before
{Heap before GC invocations=11 (full 0):
 garbage-first heap   total 58368K, used 17268K [0x0000000081a00000, 0x0000000100000000)
  region size 1024K, 4 young (4096K), 3 survivors (3072K)
 Metaspace       used 40953K, committed 41280K, reserved 1089536K
  class space    used 4760K, committed 4928K, reserved 1048576K
}
Event: 25.823 GC heap after
{Heap after GC invocations=12 (full 0):
 garbage-first heap   total 58368K, used 16508K [0x0000000081a00000, 0x0000000100000000)
  region size 1024K, 1 young (1024K), 1 survivors (1024K)
 Metaspace       used 40953K, committed 41280K, reserved 1089536K
  class space    used 4760K, committed 4928K, reserved 1048576K
}

