<?xml version="1.0" encoding="UTF-8"?>
<!-- Generated by org.testng.reporters.JUnitXMLReporter -->
<testsuite ignored="0" hostname="DESKTOP-81MK3MI" failures="0" tests="3" name="Default test" time="168.649" errors="0" timestamp="2024-10-28T17:32:36 IST">
  <testcase classname="Payments.alltypepayments" name="loginPage" time="36.028"/>
  <testcase classname="Payments.alltypepayments" name="chequePayment" time="65.873"/>
  <testcase classname="Payments.alltypepayments" name="cheque_fail" time="55.404"/>
</testsuite> <!-- Default test -->
