<?xml version="1.0" encoding="UTF-8"?>
<!-- Generated by org.testng.reporters.JUnitXMLReporter -->
<testsuite ignored="0" hostname="DESKTOP-81MK3MI" failures="0" tests="11" name="CreateNewProperty" time="702.196" errors="0" timestamp="2024-10-27T18:32:50 IST">
  <testcase classname="New_property_Wadhghat.CMS_Test" name="loginPage" time="12.272"/>
  <testcase classname="New_property_Wadhghat.CMS_Test" name="cmsPageWadhghat" time="19.297"/>
  <testcase classname="New_property_Wadhghat.CMS_Test" name="cmsRegisterPageWadhghat" time="17.179"/>
  <testcase classname="New_property_Wadhghat.CMS_Test" name="cmsComplaintRegisterWadhghat" time="18.949"/>
  <testcase classname="New_property_Wadhghat.CMS_Test" name="searchComplaintWadhghat" time="34.668"/>
  <testcase classname="New_property_Wadhghat.CMS_Test" name="Dataentry_owner_info" time="35.098"/>
  <testcase classname="New_property_Wadhghat.CMS_Test" name="Dataentry_floor_info" time="45.697"/>
  <testcase classname="New_property_Wadhghat.CMS_Test" name="OldTaxex_info" time="76.555"/>
  <testcase classname="New_property_Wadhghat.CMS_Test" name="AddTaxes_and_UploadFiles" time="334.273"/>
  <testcase classname="New_property_Wadhghat.CMS_Test" name="WadhghatApproval" time="14.151"/>
  <testcase classname="New_property_Wadhghat.CMS_Test" name="councilapproval" time="87.348"/>
</testsuite> <!-- CreateNewProperty -->
