<?xml version="1.0" encoding="UTF-8"?>
<testng-results ignored="0" total="14" passed="14" failed="0" skipped="0">
  <reporter-output>
  </reporter-output>
  <suite started-at="2024-10-27T17:47:51 IST" name="Suite" finished-at="2024-10-27T17:59:29 IST" duration-ms="697835">
    <groups>
    </groups>
    <test started-at="2024-10-27T17:47:51 IST" name="CreateNewProperty" finished-at="2024-10-27T17:55:57 IST" duration-ms="486267">
      <class name="New_property_Wadhghat.CMS_Test">
        <test-method is-config="true" signature="beforetest()[pri:0, instance:New_property_Wadhghat.CMS_Test@2d1ef81a]" started-at="2024-10-27T17:47:51 IST" name="beforetest" finished-at="2024-10-27T17:47:53 IST" duration-ms="1981" status="PASS">
          <reporter-output>
          </reporter-output>
        </test-method> <!-- beforetest -->
        <test-method signature="loginPage()[pri:1, instance:New_property_Wadhghat.CMS_Test@2d1ef81a]" started-at="2024-10-27T17:47:53 IST" name="loginPage" finished-at="2024-10-27T17:48:07 IST" duration-ms="14145" status="PASS">
          <reporter-output>
          </reporter-output>
        </test-method> <!-- loginPage -->
        <test-method is-config="true" signature="aftermethod(org.testng.ITestResult,java.lang.reflect.Method)[pri:0, instance:New_property_Wadhghat.CMS_Test@2d1ef81a]" started-at="2024-10-27T17:48:07 IST" name="aftermethod" finished-at="2024-10-27T17:48:08 IST" duration-ms="1054" status="PASS">
          <params>
            <param index="0">
              <value>
                <![CDATA[[TestResult name=loginPage status=SUCCESS method=CMS_Test.loginPage()[pri:1, instance:New_property_Wadhghat.CMS_Test@2d1ef81a] output={null}]]]>
              </value>
            </param>
            <param index="1">
              <value>
                <![CDATA[public void New_property_Wadhghat.CMS_Test.loginPage() throws java.lang.InterruptedException]]>
              </value>
            </param>
          </params>
          <reporter-output>
          </reporter-output>
        </test-method> <!-- aftermethod -->
        <test-method signature="cmsPageWadhghat()[pri:2, instance:New_property_Wadhghat.CMS_Test@2d1ef81a]" started-at="2024-10-27T17:48:08 IST" name="cmsPageWadhghat" finished-at="2024-10-27T17:48:21 IST" depends-on-methods="New_property_Wadhghat.CMS_Test.loginPage" duration-ms="12839" status="PASS">
          <reporter-output>
          </reporter-output>
        </test-method> <!-- cmsPageWadhghat -->
        <test-method is-config="true" signature="aftermethod(org.testng.ITestResult,java.lang.reflect.Method)[pri:0, instance:New_property_Wadhghat.CMS_Test@2d1ef81a]" started-at="2024-10-27T17:48:21 IST" name="aftermethod" finished-at="2024-10-27T17:48:21 IST" duration-ms="234" status="PASS">
          <params>
            <param index="0">
              <value>
                <![CDATA[[TestResult name=cmsPageWadhghat status=SUCCESS method=CMS_Test.cmsPageWadhghat()[pri:2, instance:New_property_Wadhghat.CMS_Test@2d1ef81a] output={null}]]]>
              </value>
            </param>
            <param index="1">
              <value>
                <![CDATA[public void New_property_Wadhghat.CMS_Test.cmsPageWadhghat() throws java.lang.InterruptedException]]>
              </value>
            </param>
          </params>
          <reporter-output>
          </reporter-output>
        </test-method> <!-- aftermethod -->
        <test-method signature="cmsRegisterPageWadhghat()[pri:3, instance:New_property_Wadhghat.CMS_Test@2d1ef81a]" started-at="2024-10-27T17:48:21 IST" name="cmsRegisterPageWadhghat" finished-at="2024-10-27T17:48:38 IST" depends-on-methods="New_property_Wadhghat.CMS_Test.cmsPageWadhghat" duration-ms="16858" status="PASS">
          <reporter-output>
          </reporter-output>
        </test-method> <!-- cmsRegisterPageWadhghat -->
        <test-method is-config="true" signature="aftermethod(org.testng.ITestResult,java.lang.reflect.Method)[pri:0, instance:New_property_Wadhghat.CMS_Test@2d1ef81a]" started-at="2024-10-27T17:48:38 IST" name="aftermethod" finished-at="2024-10-27T17:48:38 IST" duration-ms="242" status="PASS">
          <params>
            <param index="0">
              <value>
                <![CDATA[[TestResult name=cmsRegisterPageWadhghat status=SUCCESS method=CMS_Test.cmsRegisterPageWadhghat()[pri:3, instance:New_property_Wadhghat.CMS_Test@2d1ef81a] output={null}]]]>
              </value>
            </param>
            <param index="1">
              <value>
                <![CDATA[public void New_property_Wadhghat.CMS_Test.cmsRegisterPageWadhghat() throws java.lang.Exception]]>
              </value>
            </param>
          </params>
          <reporter-output>
          </reporter-output>
        </test-method> <!-- aftermethod -->
        <test-method signature="cmsComplaintRegisterWadhghat()[pri:4, instance:New_property_Wadhghat.CMS_Test@2d1ef81a]" started-at="2024-10-27T17:48:38 IST" name="cmsComplaintRegisterWadhghat" finished-at="2024-10-27T17:48:57 IST" depends-on-methods="New_property_Wadhghat.CMS_Test.cmsRegisterPageWadhghat" duration-ms="18542" status="PASS">
          <reporter-output>
          </reporter-output>
        </test-method> <!-- cmsComplaintRegisterWadhghat -->
        <test-method is-config="true" signature="aftermethod(org.testng.ITestResult,java.lang.reflect.Method)[pri:0, instance:New_property_Wadhghat.CMS_Test@2d1ef81a]" started-at="2024-10-27T17:48:57 IST" name="aftermethod" finished-at="2024-10-27T17:48:57 IST" duration-ms="216" status="PASS">
          <params>
            <param index="0">
              <value>
                <![CDATA[[TestResult name=cmsComplaintRegisterWadhghat status=SUCCESS method=CMS_Test.cmsComplaintRegisterWadhghat()[pri:4, instance:New_property_Wadhghat.CMS_Test@2d1ef81a] output={null}]]]>
              </value>
            </param>
            <param index="1">
              <value>
                <![CDATA[public void New_property_Wadhghat.CMS_Test.cmsComplaintRegisterWadhghat() throws java.lang.InterruptedException]]>
              </value>
            </param>
          </params>
          <reporter-output>
          </reporter-output>
        </test-method> <!-- aftermethod -->
        <test-method signature="searchComplaintWadhghat()[pri:5, instance:New_property_Wadhghat.CMS_Test@2d1ef81a]" started-at="2024-10-27T17:48:57 IST" name="searchComplaintWadhghat" finished-at="2024-10-27T17:49:34 IST" depends-on-methods="New_property_Wadhghat.CMS_Test.cmsComplaintRegisterWadhghat" duration-ms="36974" status="PASS">
          <reporter-output>
          </reporter-output>
        </test-method> <!-- searchComplaintWadhghat -->
        <test-method is-config="true" signature="aftermethod(org.testng.ITestResult,java.lang.reflect.Method)[pri:0, instance:New_property_Wadhghat.CMS_Test@2d1ef81a]" started-at="2024-10-27T17:49:34 IST" name="aftermethod" finished-at="2024-10-27T17:49:34 IST" duration-ms="223" status="PASS">
          <params>
            <param index="0">
              <value>
                <![CDATA[[TestResult name=searchComplaintWadhghat status=SUCCESS method=CMS_Test.searchComplaintWadhghat()[pri:5, instance:New_property_Wadhghat.CMS_Test@2d1ef81a] output={null}]]]>
              </value>
            </param>
            <param index="1">
              <value>
                <![CDATA[public void New_property_Wadhghat.CMS_Test.searchComplaintWadhghat() throws java.lang.InterruptedException]]>
              </value>
            </param>
          </params>
          <reporter-output>
          </reporter-output>
        </test-method> <!-- aftermethod -->
        <test-method signature="Dataentry_owner_info()[pri:6, instance:New_property_Wadhghat.CMS_Test@2d1ef81a]" started-at="2024-10-27T17:49:34 IST" name="Dataentry_owner_info" finished-at="2024-10-27T17:50:09 IST" depends-on-methods="New_property_Wadhghat.CMS_Test.searchComplaintWadhghat" duration-ms="35156" status="PASS">
          <reporter-output>
          </reporter-output>
        </test-method> <!-- Dataentry_owner_info -->
        <test-method is-config="true" signature="aftermethod(org.testng.ITestResult,java.lang.reflect.Method)[pri:0, instance:New_property_Wadhghat.CMS_Test@2d1ef81a]" started-at="2024-10-27T17:50:09 IST" name="aftermethod" finished-at="2024-10-27T17:50:10 IST" duration-ms="228" status="PASS">
          <params>
            <param index="0">
              <value>
                <![CDATA[[TestResult name=Dataentry_owner_info status=SUCCESS method=CMS_Test.Dataentry_owner_info()[pri:6, instance:New_property_Wadhghat.CMS_Test@2d1ef81a] output={null}]]]>
              </value>
            </param>
            <param index="1">
              <value>
                <![CDATA[public void New_property_Wadhghat.CMS_Test.Dataentry_owner_info() throws java.lang.InterruptedException]]>
              </value>
            </param>
          </params>
          <reporter-output>
          </reporter-output>
        </test-method> <!-- aftermethod -->
        <test-method signature="Dataentry_floor_info()[pri:7, instance:New_property_Wadhghat.CMS_Test@2d1ef81a]" started-at="2024-10-27T17:50:10 IST" name="Dataentry_floor_info" finished-at="2024-10-27T17:50:55 IST" depends-on-methods="New_property_Wadhghat.CMS_Test.Dataentry_owner_info" duration-ms="45893" status="PASS">
          <reporter-output>
          </reporter-output>
        </test-method> <!-- Dataentry_floor_info -->
        <test-method is-config="true" signature="aftermethod(org.testng.ITestResult,java.lang.reflect.Method)[pri:0, instance:New_property_Wadhghat.CMS_Test@2d1ef81a]" started-at="2024-10-27T17:50:55 IST" name="aftermethod" finished-at="2024-10-27T17:50:56 IST" duration-ms="181" status="PASS">
          <params>
            <param index="0">
              <value>
                <![CDATA[[TestResult name=Dataentry_floor_info status=SUCCESS method=CMS_Test.Dataentry_floor_info()[pri:7, instance:New_property_Wadhghat.CMS_Test@2d1ef81a] output={null}]]]>
              </value>
            </param>
            <param index="1">
              <value>
                <![CDATA[public void New_property_Wadhghat.CMS_Test.Dataentry_floor_info() throws java.lang.Exception]]>
              </value>
            </param>
          </params>
          <reporter-output>
          </reporter-output>
        </test-method> <!-- aftermethod -->
        <test-method signature="OldTaxex_info()[pri:8, instance:New_property_Wadhghat.CMS_Test@2d1ef81a]" started-at="2024-10-27T17:50:56 IST" name="OldTaxex_info" finished-at="2024-10-27T17:52:17 IST" depends-on-methods="New_property_Wadhghat.CMS_Test.Dataentry_floor_info" duration-ms="81211" status="PASS">
          <reporter-output>
          </reporter-output>
        </test-method> <!-- OldTaxex_info -->
        <test-method is-config="true" signature="aftermethod(org.testng.ITestResult,java.lang.reflect.Method)[pri:0, instance:New_property_Wadhghat.CMS_Test@2d1ef81a]" started-at="2024-10-27T17:52:17 IST" name="aftermethod" finished-at="2024-10-27T17:52:17 IST" duration-ms="241" status="PASS">
          <params>
            <param index="0">
              <value>
                <![CDATA[[TestResult name=OldTaxex_info status=SUCCESS method=CMS_Test.OldTaxex_info()[pri:8, instance:New_property_Wadhghat.CMS_Test@2d1ef81a] output={null}]]]>
              </value>
            </param>
            <param index="1">
              <value>
                <![CDATA[public void New_property_Wadhghat.CMS_Test.OldTaxex_info() throws java.lang.Exception]]>
              </value>
            </param>
          </params>
          <reporter-output>
          </reporter-output>
        </test-method> <!-- aftermethod -->
        <test-method signature="AddTaxes_and_UploadFiles()[pri:9, instance:New_property_Wadhghat.CMS_Test@2d1ef81a]" started-at="2024-10-27T17:52:17 IST" name="AddTaxes_and_UploadFiles" finished-at="2024-10-27T17:54:15 IST" depends-on-methods="New_property_Wadhghat.CMS_Test.OldTaxex_info" duration-ms="118086" status="PASS">
          <reporter-output>
          </reporter-output>
        </test-method> <!-- AddTaxes_and_UploadFiles -->
        <test-method is-config="true" signature="aftermethod(org.testng.ITestResult,java.lang.reflect.Method)[pri:0, instance:New_property_Wadhghat.CMS_Test@2d1ef81a]" started-at="2024-10-27T17:54:15 IST" name="aftermethod" finished-at="2024-10-27T17:54:15 IST" duration-ms="252" status="PASS">
          <params>
            <param index="0">
              <value>
                <![CDATA[[TestResult name=AddTaxes_and_UploadFiles status=SUCCESS method=CMS_Test.AddTaxes_and_UploadFiles()[pri:9, instance:New_property_Wadhghat.CMS_Test@2d1ef81a] output={null}]]]>
              </value>
            </param>
            <param index="1">
              <value>
                <![CDATA[public void New_property_Wadhghat.CMS_Test.AddTaxes_and_UploadFiles() throws java.lang.InterruptedException]]>
              </value>
            </param>
          </params>
          <reporter-output>
          </reporter-output>
        </test-method> <!-- aftermethod -->
        <test-method signature="WadhghatApproval()[pri:10, instance:New_property_Wadhghat.CMS_Test@2d1ef81a]" started-at="2024-10-27T17:54:15 IST" name="WadhghatApproval" finished-at="2024-10-27T17:54:30 IST" depends-on-methods="New_property_Wadhghat.CMS_Test.AddTaxes_and_UploadFiles" duration-ms="14293" status="PASS">
          <reporter-output>
          </reporter-output>
        </test-method> <!-- WadhghatApproval -->
        <test-method is-config="true" signature="aftermethod(org.testng.ITestResult,java.lang.reflect.Method)[pri:0, instance:New_property_Wadhghat.CMS_Test@2d1ef81a]" started-at="2024-10-27T17:54:30 IST" name="aftermethod" finished-at="2024-10-27T17:54:30 IST" duration-ms="219" status="PASS">
          <params>
            <param index="0">
              <value>
                <![CDATA[[TestResult name=WadhghatApproval status=SUCCESS method=CMS_Test.WadhghatApproval()[pri:10, instance:New_property_Wadhghat.CMS_Test@2d1ef81a] output={null}]]]>
              </value>
            </param>
            <param index="1">
              <value>
                <![CDATA[public void New_property_Wadhghat.CMS_Test.WadhghatApproval() throws java.lang.Exception]]>
              </value>
            </param>
          </params>
          <reporter-output>
          </reporter-output>
        </test-method> <!-- aftermethod -->
        <test-method signature="councilapproval()[pri:11, instance:New_property_Wadhghat.CMS_Test@2d1ef81a]" started-at="2024-10-27T17:54:30 IST" name="councilapproval" finished-at="2024-10-27T17:55:57 IST" depends-on-methods="New_property_Wadhghat.CMS_Test.WadhghatApproval" duration-ms="86846" status="PASS">
          <reporter-output>
          </reporter-output>
        </test-method> <!-- councilapproval -->
        <test-method is-config="true" signature="aftermethod(org.testng.ITestResult,java.lang.reflect.Method)[pri:0, instance:New_property_Wadhghat.CMS_Test@2d1ef81a]" started-at="2024-10-27T17:55:57 IST" name="aftermethod" finished-at="2024-10-27T17:55:57 IST" duration-ms="252" status="PASS">
          <params>
            <param index="0">
              <value>
                <![CDATA[[TestResult name=councilapproval status=SUCCESS method=CMS_Test.councilapproval()[pri:11, instance:New_property_Wadhghat.CMS_Test@2d1ef81a] output={null}]]]>
              </value>
            </param>
            <param index="1">
              <value>
                <![CDATA[private void New_property_Wadhghat.CMS_Test.councilapproval() throws java.lang.Exception]]>
              </value>
            </param>
          </params>
          <reporter-output>
          </reporter-output>
        </test-method> <!-- aftermethod -->
      </class> <!-- New_property_Wadhghat.CMS_Test -->
    </test> <!-- CreateNewProperty -->
    <test started-at="2024-10-27T17:55:57 IST" name="CollectionReport" finished-at="2024-10-27T17:56:44 IST" duration-ms="47219">
      <class name="Reports.CollectionReports">
        <test-method signature="collectiontest()[pri:2, instance:Reports.CollectionReports@bff34c6]" started-at="2024-10-27T17:55:57 IST" name="collectiontest" finished-at="2024-10-27T17:56:44 IST" duration-ms="47136" status="PASS">
          <reporter-output>
          </reporter-output>
        </test-method> <!-- collectiontest -->
        <test-method is-config="true" signature="tearDown()[pri:0, instance:Reports.CollectionReports@bff34c6]" started-at="2024-10-27T17:56:44 IST" name="tearDown" finished-at="2024-10-27T17:56:44 IST" duration-ms="76" status="PASS">
          <reporter-output>
          </reporter-output>
        </test-method> <!-- tearDown -->
      </class> <!-- Reports.CollectionReports -->
    </test> <!-- CollectionReport -->
    <test started-at="2024-10-27T17:56:44 IST" name="ReportEngine" finished-at="2024-10-27T17:59:29 IST" duration-ms="164299">
      <class name="Reports.ReportEngine">
        <test-method signature="Notice_report()[pri:2, instance:Reports.ReportEngine@6bea52d4]" started-at="2024-10-27T17:56:44 IST" name="Notice_report" finished-at="2024-10-27T17:57:51 IST" duration-ms="66344" status="PASS">
          <reporter-output>
          </reporter-output>
        </test-method> <!-- Notice_report -->
        <test-method signature="Karakarni_report()[pri:3, instance:Reports.ReportEngine@6bea52d4]" started-at="2024-10-27T17:57:51 IST" name="Karakarni_report" finished-at="2024-10-27T17:59:29 IST" duration-ms="97867" status="PASS">
          <reporter-output>
          </reporter-output>
        </test-method> <!-- Karakarni_report -->
        <test-method is-config="true" signature="tearDown()[pri:0, instance:Reports.ReportEngine@6bea52d4]" started-at="2024-10-27T17:59:29 IST" name="tearDown" finished-at="2024-10-27T17:59:29 IST" duration-ms="76" status="PASS">
          <reporter-output>
          </reporter-output>
        </test-method> <!-- tearDown -->
      </class> <!-- Reports.ReportEngine -->
    </test> <!-- ReportEngine -->
  </suite> <!-- Suite -->
</testng-results>
