<?xml version="1.0" encoding="UTF-8"?>
<!-- Generated by org.testng.reporters.JUnitReportReporter -->
<testsuite hostname="DESKTOP-81MK3MI" failures="0" tests="2" name="New_property_Wadhghat.MinorChanges" time="106.819" errors="0" timestamp="2024-10-25T14:27:02 IST" skipped="0">
  <testcase classname="New_property_Wadhghat.MinorChanges" name="loginPage" time="20.304"/>
  <system-out/>
  <testcase classname="New_property_Wadhghat.MinorChanges" name="performMinorChangeAndVerify" time="86.515"/>
  <system-out/>
</testsuite> <!-- New_property_Wadhghat.MinorChanges -->
